#
# There is insufficient memory for the Java Runtime Environment to continue.
# Native memory allocation (malloc) failed to allocate 1048576 bytes for AllocateHeap
# Possible reasons:
#   The system is out of physical RAM or swap space
#   In 32 bit mode, the process size limit was hit
# Possible solutions:
#   Reduce memory load on the system
#   Increase physical memory or swap space
#   Check if swap backing store is full
#   Use 64 bit Java on a 64 bit OS
#   Decrease Java heap size (-Xmx/-Xms)
#   Decrease number of Java threads
#   Decrease Java thread stack sizes (-Xss)
#   Set larger code cache with -XX:ReservedCodeCacheSize=
# This output file may be truncated or incomplete.
#
#  Out of Memory Error (memory/allocation.inline.hpp:61), pid=9496, tid=5264
#
# JRE version:  (8.0_73-b02) (build )
# Java VM: Java HotSpot(TM) 64-Bit Server VM (25.73-b02 mixed mode windows-amd64 compressed oops)
# Failed to write core dump. Minidumps are not enabled by default on client versions of Windows
#

---------------  T H R E A D  ---------------

Current thread (0x0000000002b9e000):  JavaThread "Unknown thread" [_thread_in_vm, id=5264, stack(0x0000000002ba0000,0x0000000002ca0000)]

Stack: [0x0000000002ba0000,0x0000000002ca0000]
[error occurred during error reporting (printing stack bounds), id 0xc0000005]

Native frames: (J=compiled Java code, j=interpreted, Vv=VM code, C=native code)


---------------  P R O C E S S  ---------------

Java Threads: ( => current thread )

Other Threads:

=>0x0000000002b9e000 (exited) JavaThread "Unknown thread" [_thread_in_vm, id=5264, stack(0x0000000002ba0000,0x0000000002ca0000)]

VM state:not at safepoint (normal execution)

VM Mutex/Monitor currently owned by a thread: None

Heap:
 PSYoungGen      total 18432K, used 317K [0x00000000eab00000, 0x00000000ebf80000, 0x0000000100000000)
  eden space 15872K, 2% used [0x00000000eab00000,0x00000000eab4f5d0,0x00000000eba80000)
  from space 2560K, 0% used [0x00000000ebd00000,0x00000000ebd00000,0x00000000ebf80000)
  to   space 2560K, 0% used [0x00000000eba80000,0x00000000eba80000,0x00000000ebd00000)
 ParOldGen       total 42496K, used 0K [0x00000000c0000000, 0x00000000c2980000, 0x00000000eab00000)
  object space 42496K, 0% used [0x00000000c0000000,0x00000000c0000000,0x00000000c2980000)
 Metaspace       used 769K, capacity 4480K, committed 4480K, reserved 1056768K
  class space    used 75K, capacity 384K, committed 384K, reserved 1048576K

Card table byte_map: [0x0000000012160000,0x0000000012370000] byte_map_base: 0x0000000011b60000

Marking Bits: (ParMarkBitMap*) 0x00000000560d0600
 Begin Bits: [0x00000000128d0000, 0x00000000138d0000)
 End Bits:   [0x00000000138d0000, 0x00000000148d0000)

Polling page: 0x0000000000e20000

CodeCache: size=245760Kb used=328Kb max_used=328Kb free=245431Kb
 bounds [0x0000000002da0000, 0x0000000003010000, 0x0000000011da0000]
 total_blobs=57 nmethods=0 adapters=37
 compilation: enabled

Compilation events (0 events):
No events

GC Heap History (0 events):
No events

Deoptimization events (0 events):
No events

Internal exceptions (0 events):
No events

Events (10 events):
Event: 16.579 loading class java/lang/Short
Event: 16.732 loading class java/lang/Short done
Event: 16.732 loading class java/lang/Integer
Event: 17.047 loading class java/lang/Integer done
Event: 17.047 loading class java/lang/Long
Event: 17.286 loading class java/lang/Long done
Event: 17.287 loading class java/lang/NullPointerException
Event: 17.287 loading class java/lang/NullPointerException done
Event: 17.287 loading class java/lang/ArithmeticException
Event: 17.287 loading class java/lang/ArithmeticException done


Dynamic libraries:
0x00007ff7062b0000 - 0x00007ff7062e7000 	C:\Program Files\Java\jdk1.8.0_73\bin\java.exe
0x00007ffd8d600000 - 0x00007ffd8d7c1000 	C:\WINDOWS\SYSTEM32\ntdll.dll
0x00007ffd8b340000 - 0x00007ffd8b3ed000 	C:\WINDOWS\system32\KERNEL32.DLL
0x00007ffd89cb0000 - 0x00007ffd89e98000 	C:\WINDOWS\system32\KERNELBASE.dll
0x00007ffd8b6d0000 - 0x00007ffd8b777000 	C:\WINDOWS\system32\ADVAPI32.dll
0x00007ffd8b4a0000 - 0x00007ffd8b53d000 	C:\WINDOWS\system32\msvcrt.dll
0x00007ffd8b120000 - 0x00007ffd8b17b000 	C:\WINDOWS\system32\sechost.dll
0x00007ffd8ba10000 - 0x00007ffd8bb2c000 	C:\WINDOWS\system32\RPCRT4.dll
0x00007ffd8ad50000 - 0x00007ffd8aea6000 	C:\WINDOWS\system32\USER32.dll
0x00007ffd8b540000 - 0x00007ffd8b6c6000 	C:\WINDOWS\system32\GDI32.dll
0x00007ffd86350000 - 0x00007ffd865c4000 	C:\WINDOWS\WinSxS\amd64_microsoft.windows.common-controls_6595b64144ccf1df_6.0.10586.0_none_8c15ae12515e1c22\COMCTL32.dll
0x00007ffd8aa00000 - 0x00007ffd8ac7d000 	C:\WINDOWS\system32\combase.dll
0x00007ffd8a940000 - 0x00007ffd8a9aa000 	C:\WINDOWS\system32\bcryptPrimitives.dll
0x00007ffd8aec0000 - 0x00007ffd8aefb000 	C:\WINDOWS\system32\IMM32.DLL
0x00007ffd89b10000 - 0x00007ffd89b42000 	C:\WINDOWS\system32\nvinitx.dll
0x00007ffd89b00000 - 0x00007ffd89b0a000 	C:\WINDOWS\SYSTEM32\VERSION.dll
0x0000000058400000 - 0x0000000058406000 	C:\Program Files\NVIDIA Corporation\CoProcManager\_etoured.dll
0x00007ffd86bc0000 - 0x00007ffd86bfa000 	C:\Program Files\NVIDIA Corporation\CoProcManager\nvd3d9wrapx.dll
0x00007ffd8bc50000 - 0x00007ffd8c079000 	C:\WINDOWS\system32\SETUPAPI.dll
0x00007ffd8a9b0000 - 0x00007ffd8a9f3000 	C:\WINDOWS\system32\CFGMGR32.dll
0x00007ffd86b20000 - 0x00007ffd86b44000 	C:\Program Files\NVIDIA Corporation\CoProcManager\nvdxgiwrapx.dll
0x0000000056150000 - 0x0000000056222000 	C:\Program Files\Java\jdk1.8.0_73\jre\bin\msvcr100.dll
0x00000000558c0000 - 0x0000000056150000 	C:\Program Files\Java\jdk1.8.0_73\jre\bin\server\jvm.dll
0x00007ffd8bb30000 - 0x00007ffd8bb38000 	C:\WINDOWS\system32\PSAPI.DLL
0x00007ffd865d0000 - 0x00007ffd865d9000 	C:\WINDOWS\SYSTEM32\WSOCK32.dll
0x00007ffd87e50000 - 0x00007ffd87e73000 	C:\WINDOWS\SYSTEM32\WINMM.dll
0x00007ffd8b780000 - 0x00007ffd8b7eb000 	C:\WINDOWS\system32\WS2_32.dll
0x00007ffd87df0000 - 0x00007ffd87e1c000 	C:\WINDOWS\SYSTEM32\winmmbase.dll
0x00000000558b0000 - 0x00000000558bf000 	C:\Program Files\Java\jdk1.8.0_73\jre\bin\verify.dll
0x0000000055880000 - 0x00000000558a9000 	C:\Program Files\Java\jdk1.8.0_73\jre\bin\java.dll
0x0000000055860000 - 0x0000000055876000 	C:\Program Files\Java\jdk1.8.0_73\jre\bin\zip.dll

VM Arguments:
jvm_args: -Djava.awt.headless=true -Xmx1024M -Dfile.encoding=windows-1250 -Duser.country=PL -Duser.language=pl -Duser.variant 
java_command: com.android.dx.command.Main --dex --force-jumbo --num-threads=4 --multi-dex --output C:\Users\Bartixxx\Desktop\S15BasicLauncher\com.nexes.manager_218_src1\BARTIXXX FM\build\intermediates\transforms\dex\debug\folders\1000\5\slice_5 C:\Users\Bartixxx\Desktop\S15BasicLauncher\com.nexes.manager_218_src1\BARTIXXX FM\build\intermediates\transforms\instantRunSlicer\debug\folders\1\5\slice_5
java_class_path (initial): C:\Users\Bartixxx\AppData\Local\Android\sdk\build-tools\24.0.0\lib\dx.jar
Launcher Type: SUN_STANDARD

Environment Variables:
JAVA_HOME=C:\Program Files\Java\jdk1.8.0_92
CLASSPATH=.;
PATH=C:\ProgramData\Oracle\Java\javapath;C:\WINDOWS\system32;C:\WINDOWS;C:\WINDOWS\System32\Wbem;C:\WINDOWS\System32\WindowsPowerShell\v1.0\;C:\Program Files (x86)\Skype\Phone\;C:\Program Files (x86)\NVIDIA Corporation\PhysX\Common;C:\Program Files (x86)\Windows Kits\10\Windows Performance Toolkit\;C:\Program Files\nodejs\;C:\Program Files (x86)\QuickTime\QTSystem\;C:\Program Files\Microsoft SQL Server\110\Tools\Binn\;C:\Program Files\Microsoft SQL Server\120\Tools\Binn\;C:\ProgramData\chocolatey\lib\minecraft\tools\minecraft.exe;C:\Program Files\Java\jdk1.8.0_92\bin;C:\Users\Bartixxx\AppData\Local\Android\android-sdk\tools;C:\Users\Bartixxx\AppData\Local\Android\android-sdk\platform-tools;C:\Program Files\Git\cmd;;C:\ProgramData\chocolatey\bin;C:\Users\Bartixxx\AppData\Roaming\npm;C:\PROGRA~2\Oracle\VirtualBox;
USERNAME=Bartixxx
OS=Windows_NT
PROCESSOR_IDENTIFIER=Intel64 Family 6 Model 42 Stepping 7, GenuineIntel



---------------  S Y S T E M  ---------------

OS: Windows 10.0 , 64 bit Build 10586 (10.0.10586.0)

CPU:total 4 (2 cores per cpu, 2 threads per core) family 6 model 42 stepping 7, cmov, cx8, fxsr, mmx, sse, sse2, sse3, ssse3, sse4.1, sse4.2, popcnt, avx, clmul, ht, tsc, tscinvbit

Memory: 4k page, physical 4042604k(192436k free), swap 6090604k(5444k free)

vm_info: Java HotSpot(TM) 64-Bit Server VM (25.73-b02) for windows-amd64 JRE (1.8.0_73-b02), built on Jan 29 2016 17:38:49 by "java_re" with MS VC++ 10.0 (VS2010)

time: Mon Jul 11 19:48:29 2016
elapsed time: 18 seconds (0d 0h 0m 18s)

